mode: set
/home/aaf/Software/Dev/code_and_share/steps_datafeed/main.go:67.60,73.2 3 1
/home/aaf/Software/Dev/code_and_share/steps_datafeed/main.go:75.58,78.27 3 1
/home/aaf/Software/Dev/code_and_share/steps_datafeed/main.go:81.2,82.25 2 1
/home/aaf/Software/Dev/code_and_share/steps_datafeed/main.go:91.2,91.33 1 1
/home/aaf/Software/Dev/code_and_share/steps_datafeed/main.go:78.27,80.3 1 0
/home/aaf/Software/Dev/code_and_share/steps_datafeed/main.go:82.25,84.3 1 1
/home/aaf/Software/Dev/code_and_share/steps_datafeed/main.go:84.8,87.17 3 0
/home/aaf/Software/Dev/code_and_share/steps_datafeed/main.go:87.17,89.4 1 0
/home/aaf/Software/Dev/code_and_share/steps_datafeed/main.go:94.58,97.27 3 1
/home/aaf/Software/Dev/code_and_share/steps_datafeed/main.go:100.2,101.25 2 1
/home/aaf/Software/Dev/code_and_share/steps_datafeed/main.go:111.2,115.37 4 1
/home/aaf/Software/Dev/code_and_share/steps_datafeed/main.go:120.2,122.28 3 1
/home/aaf/Software/Dev/code_and_share/steps_datafeed/main.go:97.27,99.3 1 0
/home/aaf/Software/Dev/code_and_share/steps_datafeed/main.go:101.25,103.3 1 1
/home/aaf/Software/Dev/code_and_share/steps_datafeed/main.go:103.8,106.17 3 0
/home/aaf/Software/Dev/code_and_share/steps_datafeed/main.go:106.17,108.4 1 0
/home/aaf/Software/Dev/code_and_share/steps_datafeed/main.go:115.37,119.3 1 1
/home/aaf/Software/Dev/code_and_share/steps_datafeed/main.go:125.56,126.29 1 1
/home/aaf/Software/Dev/code_and_share/steps_datafeed/main.go:131.2,131.17 1 1
/home/aaf/Software/Dev/code_and_share/steps_datafeed/main.go:126.29,127.30 1 0
/home/aaf/Software/Dev/code_and_share/steps_datafeed/main.go:127.30,129.4 1 0
/home/aaf/Software/Dev/code_and_share/steps_datafeed/main.go:134.63,136.20 2 1
/home/aaf/Software/Dev/code_and_share/steps_datafeed/main.go:136.20,144.3 4 0
/home/aaf/Software/Dev/code_and_share/steps_datafeed/main.go:144.8,157.3 6 1
/home/aaf/Software/Dev/code_and_share/steps_datafeed/main.go:160.27,169.2 7 1
/home/aaf/Software/Dev/code_and_share/steps_datafeed/main.go:171.69,172.15 1 1
/home/aaf/Software/Dev/code_and_share/steps_datafeed/main.go:173.18,176.17 3 1
/home/aaf/Software/Dev/code_and_share/steps_datafeed/main.go:179.3,180.46 2 1
/home/aaf/Software/Dev/code_and_share/steps_datafeed/main.go:184.10,187.21 2 0
/home/aaf/Software/Dev/code_and_share/steps_datafeed/main.go:197.3,198.46 2 0
/home/aaf/Software/Dev/code_and_share/steps_datafeed/main.go:176.17,178.4 1 0
/home/aaf/Software/Dev/code_and_share/steps_datafeed/main.go:180.46,183.4 2 0
/home/aaf/Software/Dev/code_and_share/steps_datafeed/main.go:187.21,190.40 3 0
/home/aaf/Software/Dev/code_and_share/steps_datafeed/main.go:193.4,195.5 1 0
/home/aaf/Software/Dev/code_and_share/steps_datafeed/main.go:190.40,192.5 1 0
/home/aaf/Software/Dev/code_and_share/steps_datafeed/main.go:198.46,201.4 2 0
/home/aaf/Software/Dev/code_and_share/steps_datafeed/main.go:205.58,212.16 7 1
/home/aaf/Software/Dev/code_and_share/steps_datafeed/main.go:216.2,219.16 3 1
/home/aaf/Software/Dev/code_and_share/steps_datafeed/main.go:256.2,260.22 5 1
/home/aaf/Software/Dev/code_and_share/steps_datafeed/main.go:212.16,215.3 2 0
/home/aaf/Software/Dev/code_and_share/steps_datafeed/main.go:219.16,222.3 2 0
/home/aaf/Software/Dev/code_and_share/steps_datafeed/main.go:222.8,225.17 3 1
/home/aaf/Software/Dev/code_and_share/steps_datafeed/main.go:229.3,231.27 3 1
/home/aaf/Software/Dev/code_and_share/steps_datafeed/main.go:245.3,253.4 2 1
/home/aaf/Software/Dev/code_and_share/steps_datafeed/main.go:225.17,228.4 2 0
/home/aaf/Software/Dev/code_and_share/steps_datafeed/main.go:231.27,235.64 3 1
/home/aaf/Software/Dev/code_and_share/steps_datafeed/main.go:239.4,243.42 2 1
/home/aaf/Software/Dev/code_and_share/steps_datafeed/main.go:235.64,237.5 1 0
/home/aaf/Software/Dev/code_and_share/steps_datafeed/main.go:265.13,269.2 3 0
